<?xml version="1.0" encoding="UTF-8"?>
<!-- Generated by org.testng.reporters.JUnitReportReporter -->
<testsuite hostname="DESKTOP-VB164NU" failures="0" tests="3" name="Sample.ContactTest" time="0.049" errors="0" timestamp="2022-07-08T13:44:32 IST" skipped="0">
  <testcase classname="Sample.ContactTest" name="createContact" time="0.036"/>
  <system-out/>
  <testcase classname="Sample.ContactTest" name="createContactWithOrganization" time="0.007"/>
  <system-out/>
  <testcase classname="Sample.ContactTest" name="createContactAndEdit" time="0.006"/>
  <system-out/>
</testsuite> <!-- Sample.ContactTest -->
