<?xml version="1.0" encoding="UTF-8"?>
<!-- Generated by org.testng.reporters.JUnitReportReporter -->
<testsuite hostname="DESKTOP-VB164NU" failures="0" tests="1" name="practise.CreateContactwithOrgPractise" time="40.312" errors="0" timestamp="2022-07-07T16:48:45 IST" skipped="0">
  <testcase classname="practise.CreateContactwithOrgPractise" name="createContactWithOrganization" time="40.312"/>
  <system-out/>
</testsuite> <!-- practise.CreateContactwithOrgPractise -->
