<?xml version="1.0" encoding="UTF-8"?>
<!-- Generated by org.testng.reporters.JUnitReportReporter -->
<testsuite skipped="0" hostname="DESKTOP-VB164NU" name="com.crm.concasttt.ContactTest.ContactTest" tests="1" failures="0" timestamp="2022-07-14T16:17:18 IST" time="54.493" errors="0">
  <testcase name="andDeletecontactAndVerifyDeleteTest" time="54.493" classname="com.crm.concasttt.ContactTest.ContactTest"/>
  <system-out/>
</testsuite> <!-- com.crm.concasttt.ContactTest.ContactTest -->
