<?xml version="1.0" encoding="UTF-8"?>
<!-- Generated by org.testng.reporters.JUnitReportReporter -->
<testsuite hostname="DESKTOP-VB164NU" failures="0" tests="3" name="Sample.OrganizationTest" time="0.080" errors="0" timestamp="2022-07-08T12:37:32 IST" skipped="0">
  <testcase classname="Sample.OrganizationTest" name="createOrganizationWithVendor" time="0.034"/>
  <system-out/>
  <testcase classname="Sample.OrganizationTest" name="createOrganizationAndEdit" time="0.009"/>
  <system-out/>
  <testcase classname="Sample.OrganizationTest" name="createOrganization" time="0.037"/>
  <system-out/>
</testsuite> <!-- Sample.OrganizationTest -->
