<?xml version="1.0" encoding="UTF-8"?>
<!-- Generated by org.testng.reporters.JUnitReportReporter -->
<testsuite skipped="0" hostname="DESKTOP-VB164NU" name="com.crm.concasttt.CompaignTest.CampaignTest" tests="1" failures="0" timestamp="2022-07-14T16:12:01 IST" time="40.124" errors="0">
  <testcase name="createCampaign" time="40.124" classname="com.crm.concasttt.CompaignTest.CampaignTest"/>
  <system-out/>
</testsuite> <!-- com.crm.concasttt.CompaignTest.CampaignTest -->
