<?xml version="1.0" encoding="UTF-8"?>
<!-- Generated by org.testng.reporters.JUnitReportReporter -->
<testsuite hostname="DESKTOP-VB164NU" failures="0" tests="2" name="practise.CreateContactTest" time="98.092" errors="0" timestamp="2022-07-05T12:40:32 IST" skipped="0">
  <testcase classname="practise.CreateContactTest" name="createContactVerifyTest" time="49.961"/>
  <system-out/>
  <testcase classname="practise.CreateContactTest" name="createcontactAndVerifyDeleteTest" time="48.131"/>
  <system-out/>
</testsuite> <!-- practise.CreateContactTest -->
