<?xml version="1.0" encoding="UTF-8"?>
<!-- Generated by org.testng.reporters.JUnitReportReporter -->
<testsuite hostname="DESKTOP-VB164NU" failures="0" tests="5" name="practise.SampleTest_DataProvider" time="0.079" errors="0" timestamp="2022-07-05T16:51:00 IST" skipped="0">
  <testcase classname="practise.SampleTest_DataProvider" name="bookTicketsTest" time="0.014"/>
  <system-out/>
  <testcase classname="practise.SampleTest_DataProvider" name="bookTicketsTest" time="0.026"/>
  <system-out/>
  <testcase classname="practise.SampleTest_DataProvider" name="bookTicketsTest" time="0.015"/>
  <system-out/>
  <testcase classname="practise.SampleTest_DataProvider" name="bookTicketsTest" time="0.014"/>
  <system-out/>
  <testcase classname="practise.SampleTest_DataProvider" name="bookTicketsTest" time="0.010"/>
  <system-out/>
</testsuite> <!-- practise.SampleTest_DataProvider -->
