<?xml version="1.0" encoding="UTF-8"?>
<!-- Generated by org.testng.reporters.JUnitReportReporter -->
<testsuite hostname="DESKTOP-VB164NU" failures="0" tests="5" name="practise.SampleTest_dataProviderWithThreeArgs" time="0.058" errors="0" timestamp="2022-07-05T17:15:02 IST" skipped="0">
  <testcase classname="practise.SampleTest_dataProviderWithThreeArgs" name="BookTicketsAirways" time="0.014"/>
  <system-out/>
  <testcase classname="practise.SampleTest_dataProviderWithThreeArgs" name="BookTicketsAirways" time="0.021"/>
  <system-out/>
  <testcase classname="practise.SampleTest_dataProviderWithThreeArgs" name="BookTicketsAirways" time="0.006"/>
  <system-out/>
  <testcase classname="practise.SampleTest_dataProviderWithThreeArgs" name="BookTicketsAirways" time="0.011"/>
  <system-out/>
  <testcase classname="practise.SampleTest_dataProviderWithThreeArgs" name="BookTicketsAirways" time="0.006"/>
  <system-out/>
</testsuite> <!-- practise.SampleTest_dataProviderWithThreeArgs -->
