<?xml version="1.0" encoding="UTF-8"?>
<!-- Generated by org.testng.reporters.JUnitReportReporter -->
<testsuite hostname="DESKTOP-VB164NU" failures="0" tests="1" name="Sample.AssertTest1" time="0.053" errors="0" timestamp="2022-07-08T15:50:34 IST" skipped="0">
  <testcase classname="Sample.AssertTest1" name="createCustomer" time="0.053"/>
  <system-out/>
</testsuite> <!-- Sample.AssertTest1 -->
